\BOOKMARK [1][-]{section.1}{INTRODUCTION}{}% 1
\BOOKMARK [2][-]{subsection.1.1}{Purpose of this Document}{section.1}% 2
\BOOKMARK [2][-]{subsection.1.2}{Objectives}{section.1}% 3
\BOOKMARK [1][-]{section.2}{Infrared Sensors}{}% 4
\BOOKMARK [2][-]{subsection.2.1}{Programming}{section.2}% 5
\BOOKMARK [2][-]{subsection.2.2}{Data Acquistion}{section.2}% 6
\BOOKMARK [3][-]{subsubsection.2.2.1}{range of distances}{subsection.2.2}% 7
\BOOKMARK [3][-]{subsubsection.2.2.2}{Repeatability \046 Reliability}{subsection.2.2}% 8
\BOOKMARK [3][-]{subsubsection.2.2.3}{Similarity}{subsection.2.2}% 9
\BOOKMARK [2][-]{subsection.2.3}{Data Captured}{section.2}% 10
\BOOKMARK [3][-]{subsubsection.2.3.1}{range of distances}{subsection.2.3}% 11
\BOOKMARK [3][-]{subsubsection.2.3.2}{Repeatability \046 Reliability}{subsection.2.3}% 12
\BOOKMARK [3][-]{subsubsection.2.3.3}{Similarity}{subsection.2.3}% 13
\BOOKMARK [2][-]{subsection.2.4}{Data Visualised}{section.2}% 14
\BOOKMARK [3][-]{subsubsection.2.4.1}{range of distances}{subsection.2.4}% 15
\BOOKMARK [3][-]{subsubsection.2.4.2}{Repeatability \046 Reliability}{subsection.2.4}% 16
\BOOKMARK [3][-]{subsubsection.2.4.3}{Similarity}{subsection.2.4}% 17
\BOOKMARK [2][-]{subsection.2.5}{Discussion}{section.2}% 18
\BOOKMARK [3][-]{subsubsection.2.5.1}{range of distances}{subsection.2.5}% 19
\BOOKMARK [3][-]{subsubsection.2.5.2}{Repeatability \046 Reliability}{subsection.2.5}% 20
\BOOKMARK [3][-]{subsubsection.2.5.3}{Similarity}{subsection.2.5}% 21
\BOOKMARK [1][-]{section.3}{Encoders}{}% 22
\BOOKMARK [2][-]{subsection.3.1}{Programming}{section.3}% 23
\BOOKMARK [2][-]{subsection.3.2}{Data Acquistion}{section.3}% 24
\BOOKMARK [3][-]{subsubsection.3.2.1}{Range of power}{subsection.3.2}% 25
\BOOKMARK [3][-]{subsubsection.3.2.2}{Repeatability \046 Similarity}{subsection.3.2}% 26
\BOOKMARK [2][-]{subsection.3.3}{Data Captured}{section.3}% 27
\BOOKMARK [3][-]{subsubsection.3.3.1}{Range of power}{subsection.3.3}% 28
\BOOKMARK [3][-]{subsubsection.3.3.2}{Repeatability \046 Similarity}{subsection.3.3}% 29
\BOOKMARK [2][-]{subsection.3.4}{Data Visualised}{section.3}% 30
\BOOKMARK [3][-]{subsubsection.3.4.1}{Range of power}{subsection.3.4}% 31
\BOOKMARK [3][-]{subsubsection.3.4.2}{Repeatability \046 Reliability}{subsection.3.4}% 32
\BOOKMARK [3][-]{subsubsection.3.4.3}{Similarity}{subsection.3.4}% 33
\BOOKMARK [2][-]{subsection.3.5}{Discussion}{section.3}% 34
\BOOKMARK [3][-]{subsubsection.3.5.1}{Range of power}{subsection.3.5}% 35
\BOOKMARK [3][-]{subsubsection.3.5.2}{Repeatability}{subsection.3.5}% 36
\BOOKMARK [3][-]{subsubsection.3.5.3}{Similarity}{subsection.3.5}% 37
\BOOKMARK [1][-]{subsubsection.3.5.3}{REFERENCES}{}% 38
